<?xml version="1.0" encoding="UTF-8"?>
<!-- Generated by org.testng.reporters.JUnitXMLReporter -->
<testsuite ignored="4" hostname="TestGroup" failures="1" tests="1" name="[Nombre Proyecto]" time="19.288" errors="0" timestamp="2023-09-25T17:04:37 CLST">
  <testcase classname="test.java.main.GoogleTests" name="nombreTerceraImagen" time="10.072">
    <failure type="java.lang.AssertionError" message="null">
      <![CDATA[java.lang.AssertionError: null
at main.java.config.Utils.eventFailed(Utils.java:129)
at main.java.pageEvents.ResultsEvents.getImageText(ResultsEvents.java:102)
at main.java.pageSteps.ResultsSteps.getImageThree(ResultsSteps.java:33)
at test.java.main.GoogleTests.nombreTerceraImagen(GoogleTests.java:48)
at java.base/java.util.ArrayList.forEach(ArrayList.java:1511)
... Removed 27 stack frames]]>
    </failure>
  </testcase> <!-- nombreTerceraImagen -->
  <testcase classname="test.java.main.GoogleTests" name="busquedasSugeridas" time="0.0">
    <ignored/>
  </testcase> <!-- busquedasSugeridas -->
  <testcase classname="test.java.main.GoogleTests" name="traducirTexto" time="0.0">
    <ignored/>
  </testcase> <!-- traducirTexto -->
  <testcase classname="test.java.main.GoogleTests" name="pruebaCinco" time="0.0">
    <ignored/>
  </testcase> <!-- pruebaCinco -->
  <testcase classname="test.java.main.GoogleTests" name="obtenerSegundoResultado" time="0.0">
    <ignored/>
  </testcase> <!-- obtenerSegundoResultado -->
</testsuite> <!-- [Nombre Proyecto] -->
