<?xml version="1.0" encoding="UTF-8"?>
<testng-results ignored="4" total="5" passed="0" failed="1" skipped="0">
  <reporter-output>
  </reporter-output>
  <suite started-at="2023-09-25T17:04:17 CLST" name="Sample Test Suite" finished-at="2023-09-25T17:04:37 CLST" duration-ms="19288">
    <groups>
    </groups>
    <test started-at="2023-09-25T17:04:17 CLST" name="[Nombre Proyecto]" finished-at="2023-09-25T17:04:37 CLST" duration-ms="19288">
      <class name="test.java.main.GoogleTests">
        <test-method is-config="true" signature="beforeTestMethod()[pri:0, instance:test.java.main.GoogleTests@313b2ea6]" started-at="2023-09-25T17:04:17 CLST" name="beforeTestMethod" description="Se configura el controlador y el navegador" finished-at="2023-09-25T17:04:18 CLST" duration-ms="258" status="PASS">
          <reporter-output>
          </reporter-output>
        </test-method> <!-- beforeTestMethod -->
        <test-method is-config="true" signature="beforeMethod(java.lang.String,java.lang.reflect.Method,org.testng.ITestResult)[pri:0, instance:test.java.main.GoogleTests@313b2ea6]" started-at="2023-09-25T17:04:18 CLST" name="beforeMethod" description="Se configura el reporte de pruebas" finished-at="2023-09-25T17:04:25 CLST" duration-ms="7820" status="PASS">
          <params>
            <param index="0">
              <value>
                <![CDATA[chrome]]>
              </value>
            </param>
            <param index="1">
              <value>
                <![CDATA[public void test.java.main.GoogleTests.nombreTerceraImagen()]]>
              </value>
            </param>
            <param index="2">
              <value>
                <![CDATA[[TestResult name={null} status=CREATED method=GoogleTests.nombreTerceraImagen()[pri:3, instance:test.java.main.GoogleTests@313b2ea6] output={null}]]]>
              </value>
            </param>
          </params>
          <reporter-output>
          </reporter-output>
        </test-method> <!-- beforeMethod -->
        <test-method signature="nombreTerceraImagen()[pri:3, instance:test.java.main.GoogleTests@313b2ea6]" started-at="2023-09-25T17:04:25 CLST" name="nombreTerceraImagen" finished-at="2023-09-25T17:04:36 CLST" duration-ms="10072" status="FAIL">
          <exception class="java.lang.AssertionError">
            <message>
              <![CDATA[null]]>
            </message>
            <full-stacktrace>
              <![CDATA[java.lang.AssertionError: null
at org.testng.Assert.fail(Assert.java:99)
at org.testng.Assert.fail(Assert.java:106)
at main.java.config.Utils.eventFailed(Utils.java:129)
at main.java.pageEvents.ResultsEvents.getImageText(ResultsEvents.java:102)
at main.java.pageSteps.ResultsSteps.getImageThree(ResultsSteps.java:33)
at test.java.main.GoogleTests.nombreTerceraImagen(GoogleTests.java:48)
at java.base/jdk.internal.reflect.DirectMethodHandleAccessor.invoke(DirectMethodHandleAccessor.java:104)
at java.base/java.lang.reflect.Method.invoke(Method.java:578)
at org.testng.internal.MethodInvocationHelper.invokeMethod(MethodInvocationHelper.java:133)
at org.testng.internal.TestInvoker.invokeMethod(TestInvoker.java:598)
at org.testng.internal.TestInvoker.invokeTestMethod(TestInvoker.java:173)
at org.testng.internal.MethodRunner.runInSequence(MethodRunner.java:46)
at org.testng.internal.TestInvoker$MethodInvocationAgent.invoke(TestInvoker.java:824)
at org.testng.internal.TestInvoker.invokeTestMethods(TestInvoker.java:146)
at org.testng.internal.TestMethodWorker.invokeTestMethods(TestMethodWorker.java:146)
at org.testng.internal.TestMethodWorker.run(TestMethodWorker.java:128)
at java.base/java.util.ArrayList.forEach(ArrayList.java:1511)
at org.testng.TestRunner.privateRun(TestRunner.java:794)
at org.testng.TestRunner.run(TestRunner.java:596)
at org.testng.SuiteRunner.runTest(SuiteRunner.java:377)
at org.testng.SuiteRunner.runSequentially(SuiteRunner.java:371)
at org.testng.SuiteRunner.privateRun(SuiteRunner.java:332)
at org.testng.SuiteRunner.run(SuiteRunner.java:276)
at org.testng.SuiteRunnerWorker.runSuite(SuiteRunnerWorker.java:53)
at org.testng.SuiteRunnerWorker.run(SuiteRunnerWorker.java:96)
at org.testng.TestNG.runSuitesSequentially(TestNG.java:1212)
at org.testng.TestNG.runSuitesLocally(TestNG.java:1134)
at org.testng.TestNG.runSuites(TestNG.java:1063)
at org.testng.TestNG.run(TestNG.java:1031)
at org.testng.remote.AbstractRemoteTestNG.run(AbstractRemoteTestNG.java:115)
at org.testng.remote.RemoteTestNG.initAndRun(RemoteTestNG.java:251)
at org.testng.remote.RemoteTestNG.main(RemoteTestNG.java:77)
]]>
            </full-stacktrace>
          </exception> <!-- java.lang.AssertionError -->
          <reporter-output>
          </reporter-output>
        </test-method> <!-- nombreTerceraImagen -->
        <test-method is-config="true" signature="afterMethod(org.testng.ITestResult)[pri:0, instance:test.java.main.GoogleTests@313b2ea6]" started-at="2023-09-25T17:04:36 CLST" name="afterMethod" finished-at="2023-09-25T17:04:36 CLST" duration-ms="878" status="PASS">
          <params>
            <param index="0">
              <value>
                <![CDATA[[TestResult name=nombreTerceraImagen status=FAILURE method=GoogleTests.nombreTerceraImagen()[pri:3, instance:test.java.main.GoogleTests@313b2ea6] output={null}]]]>
              </value>
            </param>
          </params>
          <reporter-output>
          </reporter-output>
        </test-method> <!-- afterMethod -->
        <test-method is-config="true" signature="afterTest()[pri:0, instance:test.java.main.GoogleTests@313b2ea6]" started-at="2023-09-25T17:04:36 CLST" name="afterTest" finished-at="2023-09-25T17:04:37 CLST" duration-ms="228" status="PASS">
          <reporter-output>
          </reporter-output>
        </test-method> <!-- afterTest -->
      </class> <!-- test.java.main.GoogleTests -->
    </test> <!-- [Nombre Proyecto] -->
  </suite> <!-- Sample Test Suite -->
</testng-results>
